Reading timing models for corner nom_tt_025C_1v80…
Reading timing library for the 'nom_tt_025C_1v80' corner at '/home/taka/ISHI_Kai/bfCPU/ttsetup/pdk/ciel/sky130/versions/0fe599b2afb6708d281543108caf8310912f54af/sky130A/libs.ref/sky130_fd_sc_hd/lib/sky130_fd_sc_hd__tt_025C_1v80.lib'…
Reading timing models for corner nom_ff_n40C_1v95…
Reading timing library for the 'nom_ff_n40C_1v95' corner at '/home/taka/ISHI_Kai/bfCPU/ttsetup/pdk/ciel/sky130/versions/0fe599b2afb6708d281543108caf8310912f54af/sky130A/libs.ref/sky130_fd_sc_hd/lib/sky130_fd_sc_hd__ff_n40C_1v95.lib'…
Reading timing models for corner nom_ss_100C_1v60…
Reading timing library for the 'nom_ss_100C_1v60' corner at '/home/taka/ISHI_Kai/bfCPU/ttsetup/pdk/ciel/sky130/versions/0fe599b2afb6708d281543108caf8310912f54af/sky130A/libs.ref/sky130_fd_sc_hd/lib/sky130_fd_sc_hd__ss_100C_1v60.lib'…
Reading OpenROAD database at '/home/taka/ISHI_Kai/bfCPU/ttsky_bfCPU/runs/wokwi/34-openroad-cts/tt_um_bfcpu.odb'…
Reading design constraints file at '/nix/store/4h964pg996p5lz54maggj16ydp2cbki3-python3-3.11.9-env/lib/python3.11/site-packages/librelane/scripts/base.sdc'…
[INFO] Using clock clk…
[INFO] Setting output delay to: 20
[INFO] Setting input delay to: 20
[INFO] Setting load to: 0.033442
[INFO] Setting clock uncertainty to: 0.25
[INFO] Setting clock transition to: 0.1499999999999999944488848768742172978818416595458984375
[INFO] Setting timing derate to: 5%
[INFO] Setting RC values…
[INFO RSZ-0098] No setup violations found
[INFO RSZ-0046] Found 468 endpoints with hold violations.
Iteration | Resized | Buffers | Cloned Gates |   WNS   |   TNS   | Endpoint
---------------------------------------------------------------------------
        0 |       0 |       0 |            0 |  -0.043 |  -0.263 | _5631_/D
    final |       0 |     479 |            0 |   0.100 |   0.000 | _5904_/D
---------------------------------------------------------------------------
[INFO RSZ-0032] Inserted 479 hold buffers.
Placement Analysis
---------------------------------
total displacement       4861.2 u
average displacement        0.9 u
max displacement           27.4 u
original HPWL          105779.8 u
legalized HPWL         113317.3 u
delta HPWL                    7 %

[INFO DPL-0020] Mirrored 1758 instances
[INFO DPL-0021] HPWL before          113317.3 u
[INFO DPL-0022] HPWL after           109685.7 u
[INFO DPL-0023] HPWL delta               -3.2 %
[INFO] Setting RC values…
Setting global connections for newly added cells…
[INFO] Setting global connections...
Updating metrics…
Cell type report:                       Count       Area
  Fill cell                               162     608.08
  Tap cell                               1037    1297.49
  Buffer                                    3      17.52
  Clock buffer                             65     944.66
  Timing Repair Buffer                    831    6996.71
  Inverter                                 72     270.26
  Clock inverter                           54     648.12
  Sequential cell                         713   17595.63
  Multi-Input combinational cell         2686   22809.38
  Total                                  5623   51187.84
Writing OpenROAD database to '/home/taka/ISHI_Kai/bfCPU/ttsky_bfCPU/runs/wokwi/36-openroad-resizertimingpostcts/tt_um_bfcpu.odb'…
Writing netlist to '/home/taka/ISHI_Kai/bfCPU/ttsky_bfCPU/runs/wokwi/36-openroad-resizertimingpostcts/tt_um_bfcpu.nl.v'…
Writing powered netlist to '/home/taka/ISHI_Kai/bfCPU/ttsky_bfCPU/runs/wokwi/36-openroad-resizertimingpostcts/tt_um_bfcpu.pnl.v'…
Writing layout to '/home/taka/ISHI_Kai/bfCPU/ttsky_bfCPU/runs/wokwi/36-openroad-resizertimingpostcts/tt_um_bfcpu.def'…
Writing timing constraints to '/home/taka/ISHI_Kai/bfCPU/ttsky_bfCPU/runs/wokwi/36-openroad-resizertimingpostcts/tt_um_bfcpu.sdc'…
