Clock: clk
Sources: clk 
Generated: no
Virtual: yes
Propagated: no
Period: 100.000000

===========================================================================
report_clock_properties
============================================================================
Clock                   Period          Waveform
----------------------------------------------------
clk                 100.000000    0.000000 50.000000

===========================================================================
report_clock_latency
============================================================================
Clock clk
rise -> rise
    min     max
0.000000 0.000000 source latency
1.308363         network latency _5985_/CLK
        1.398756 network latency _5775_/CLK
---------------
1.308363 1.398756 latency
        0.090393 skew

rise -> fall
    min     max
0.000000 0.000000 source latency
1.455429         network latency _5729_/CLK
        1.488169 network latency _5731_/CLK
---------------
1.455429 1.488169 latency
        0.032739 skew

fall -> rise
    min     max
0.000000 0.000000 source latency
1.293817         network latency _5729_/CLK
        1.322221 network latency _5731_/CLK
---------------
1.293817 1.322221 latency
        0.028404 skew

fall -> fall
    min     max
0.000000 0.000000 source latency
1.164786         network latency _5985_/CLK
        1.232127 network latency _5775_/CLK
---------------
1.164786 1.232127 latency
        0.067342 skew



===========================================================================
report_clock_min_period
============================================================================
clk period_min = 21.73 fmax = 46.01
