Clock: clk
Sources: clk 
Generated: no
Virtual: no
Propagated: no
Period: 100.000000

===========================================================================
report_clock_properties
============================================================================
Clock                   Period          Waveform
----------------------------------------------------
clk                 100.000000    0.000000 50.000000

===========================================================================
report_clock_latency
============================================================================
Clock clk
rise -> rise
    min     max
0.000000 0.000000 source latency
4.123549         network latency _5465_/CLK
        4.123549 network latency _5465_/CLK
---------------
4.123549 4.123549 latency
        0.000000 skew

rise -> fall
    min     max
0.000000 0.000000 source latency
3.940381         network latency _5729_/CLK
        3.940381 network latency _5729_/CLK
---------------
3.940381 3.940381 latency
        0.000000 skew

fall -> rise
    min     max
0.000000 0.000000 source latency
2.353477         network latency _5729_/CLK
        2.353477 network latency _5729_/CLK
---------------
2.353477 2.353477 latency
        0.000000 skew

fall -> fall
    min     max
0.000000 0.000000 source latency
2.012357         network latency _5465_/CLK
        2.012357 network latency _5465_/CLK
---------------
2.012357 2.012357 latency
        0.000000 skew



===========================================================================
report_clock_min_period
============================================================================
clk period_min = 10.15 fmax = 98.50
