Clock: clk
Sources: clk 
Generated: no
Virtual: yes
Propagated: no
Period: 100.000000

===========================================================================
report_clock_properties
============================================================================
Clock                   Period          Waveform
----------------------------------------------------
clk                 100.000000    0.000000 50.000000

===========================================================================
report_clock_latency
============================================================================
Clock clk
rise -> rise
    min     max
0.000000 0.000000 source latency
1.397123         network latency _5985_/CLK
        1.514148 network latency _5998_/CLK
---------------
1.397123 1.514148 latency
        0.117025 skew

rise -> fall
    min     max
0.000000 0.000000 source latency
1.564860         network latency _5729_/CLK
        1.608218 network latency _5731_/CLK
---------------
1.564860 1.608218 latency
        0.043358 skew

fall -> rise
    min     max
0.000000 0.000000 source latency
1.372612         network latency _5729_/CLK
        1.409443 network latency _5731_/CLK
---------------
1.372612 1.409443 latency
        0.036831 skew

fall -> fall
    min     max
0.000000 0.000000 source latency
1.228578         network latency _5985_/CLK
        1.320505 network latency _5951_/CLK
---------------
1.228578 1.320505 latency
        0.091926 skew



===========================================================================
report_clock_min_period
============================================================================
clk period_min = 22.39 fmax = 44.67
