[WARNING ORD-0039] .openroad ignored with -python
[WARNING] Bterm VPWR is declared as a 'POWER' pin. It will be ignored.
[WARNING] Bterm VGND is declared as a 'GROUND' pin. It will be ignored.
[INFO ODB-0227] LEF file: /home/taka/ISHI_Kai/bfCPU/ttsetup/pdk/ciel/sky130/versions/0fe599b2afb6708d281543108caf8310912f54af/sky130A/libs.ref/sky130_fd_sc_hd/techlef/sky130_fd_sc_hd__nom.tlef, created 14 layers, 25 vias
[WARNING ODB-0220] WARNING (LEFPARS-2008): NOWIREEXTENSIONATPIN statement is obsolete in version 5.6 or later.
The NOWIREEXTENSIONATPIN statement will be ignored. See file /home/taka/ISHI_Kai/bfCPU/ttsetup/pdk/ciel/sky130/versions/0fe599b2afb6708d281543108caf8310912f54af/sky130A/libs.ref/sky130_fd_sc_hd/lef/sky130_fd_sc_hd.lef at line 2.

[INFO ODB-0227] LEF file: /home/taka/ISHI_Kai/bfCPU/ttsetup/pdk/ciel/sky130/versions/0fe599b2afb6708d281543108caf8310912f54af/sky130A/libs.ref/sky130_fd_sc_hd/lef/sky130_fd_sc_hd.lef, created 437 library cells
[WARNING ODB-0220] WARNING (LEFPARS-2008): NOWIREEXTENSIONATPIN statement is obsolete in version 5.6 or later.
The NOWIREEXTENSIONATPIN statement will be ignored. See file /home/taka/ISHI_Kai/bfCPU/ttsetup/pdk/ciel/sky130/versions/0fe599b2afb6708d281543108caf8310912f54af/sky130A/libs.ref/sky130_fd_sc_hd/lef/sky130_ef_sc_hd.lef at line 2.

[INFO ODB-0227] LEF file: /home/taka/ISHI_Kai/bfCPU/ttsetup/pdk/ciel/sky130/versions/0fe599b2afb6708d281543108caf8310912f54af/sky130A/libs.ref/sky130_fd_sc_hd/lef/sky130_ef_sc_hd.lef, created 4 library cells
[INFO ODB-0127] Reading DEF file: /home/taka/ISHI_Kai/bfCPU/ttsky_bfCPU/tt/tech/sky130A/def/tt_block_2x2_pg.def
[INFO ODB-0128] Design: tt_um_template
[INFO ODB-0130]     Created 43 pins.
[INFO ODB-0132]     Created 2 special nets and 0 connections.
[INFO ODB-0133]     Created 43 nets and 0 connections.
[INFO ODB-0134] Finished DEF file: /home/taka/ISHI_Kai/bfCPU/ttsky_bfCPU/tt/tech/sky130A/def/tt_block_2x2_pg.def
[INFO ODB-0227] LEF file: /home/taka/ISHI_Kai/bfCPU/ttsetup/pdk/ciel/sky130/versions/0fe599b2afb6708d281543108caf8310912f54af/sky130A/libs.ref/sky130_fd_sc_hd/techlef/sky130_fd_sc_hd__nom.tlef, created 14 layers, 25 vias
[WARNING ODB-0220] WARNING (LEFPARS-2008): NOWIREEXTENSIONATPIN statement is obsolete in version 5.6 or later.
The NOWIREEXTENSIONATPIN statement will be ignored. See file /home/taka/ISHI_Kai/bfCPU/ttsetup/pdk/ciel/sky130/versions/0fe599b2afb6708d281543108caf8310912f54af/sky130A/libs.ref/sky130_fd_sc_hd/lef/sky130_fd_sc_hd.lef at line 2.

[INFO ODB-0227] LEF file: /home/taka/ISHI_Kai/bfCPU/ttsetup/pdk/ciel/sky130/versions/0fe599b2afb6708d281543108caf8310912f54af/sky130A/libs.ref/sky130_fd_sc_hd/lef/sky130_fd_sc_hd.lef, created 437 library cells
[WARNING ODB-0220] WARNING (LEFPARS-2008): NOWIREEXTENSIONATPIN statement is obsolete in version 5.6 or later.
The NOWIREEXTENSIONATPIN statement will be ignored. See file /home/taka/ISHI_Kai/bfCPU/ttsetup/pdk/ciel/sky130/versions/0fe599b2afb6708d281543108caf8310912f54af/sky130A/libs.ref/sky130_fd_sc_hd/lef/sky130_ef_sc_hd.lef at line 2.

[INFO ODB-0227] LEF file: /home/taka/ISHI_Kai/bfCPU/ttsetup/pdk/ciel/sky130/versions/0fe599b2afb6708d281543108caf8310912f54af/sky130A/libs.ref/sky130_fd_sc_hd/lef/sky130_ef_sc_hd.lef, created 4 library cells
[INFO ODB-0127] Reading DEF file: /home/taka/ISHI_Kai/bfCPU/ttsky_bfCPU/tt/tech/sky130A/def/tt_block_2x2_pg.def
[INFO ODB-0128] Design: tt_um_template
[INFO ODB-0130]     Created 43 pins.
[INFO ODB-0132]     Created 2 special nets and 0 connections.
[INFO ODB-0133]     Created 43 nets and 0 connections.
[INFO ODB-0134] Finished DEF file: /home/taka/ISHI_Kai/bfCPU/ttsky_bfCPU/tt/tech/sky130A/def/tt_block_2x2_pg.def
Using manufacturing grid: 5 Using dbu per mircons: 1000
Found 43 block terminals in existing database...
Found 43 template_bterms…
Wrote pin clk at layer met4 at (143830, 224760, 144130, 225760, 'PLACED')...
Wrote pin ena at layer met4 at (146590, 224760, 146890, 225760, 'PLACED')...
Wrote pin rst_n at layer met4 at (141070, 224760, 141370, 225760, 'PLACED')...
Wrote pin ui_in[0] at layer met4 at (138310, 224760, 138610, 225760, 'PLACED')...
Wrote pin ui_in[1] at layer met4 at (135550, 224760, 135850, 225760, 'PLACED')...
Wrote pin ui_in[2] at layer met4 at (132790, 224760, 133090, 225760, 'PLACED')...
Wrote pin ui_in[3] at layer met4 at (130030, 224760, 130330, 225760, 'PLACED')...
Wrote pin ui_in[4] at layer met4 at (127270, 224760, 127570, 225760, 'PLACED')...
Wrote pin ui_in[5] at layer met4 at (124510, 224760, 124810, 225760, 'PLACED')...
Wrote pin ui_in[6] at layer met4 at (121750, 224760, 122050, 225760, 'PLACED')...
Wrote pin ui_in[7] at layer met4 at (118990, 224760, 119290, 225760, 'PLACED')...
Wrote pin uio_in[0] at layer met4 at (116230, 224760, 116530, 225760, 'PLACED')...
Wrote pin uio_in[1] at layer met4 at (113470, 224760, 113770, 225760, 'PLACED')...
Wrote pin uio_in[2] at layer met4 at (110710, 224760, 111010, 225760, 'PLACED')...
Wrote pin uio_in[3] at layer met4 at (107950, 224760, 108250, 225760, 'PLACED')...
Wrote pin uio_in[4] at layer met4 at (105190, 224760, 105490, 225760, 'PLACED')...
Wrote pin uio_in[5] at layer met4 at (102430, 224760, 102730, 225760, 'PLACED')...
Wrote pin uio_in[6] at layer met4 at (99670, 224760, 99970, 225760, 'PLACED')...
Wrote pin uio_in[7] at layer met4 at (96910, 224760, 97210, 225760, 'PLACED')...
Wrote pin uio_oe[0] at layer met4 at (49990, 224760, 50290, 225760, 'PLACED')...
Wrote pin uio_oe[1] at layer met4 at (47230, 224760, 47530, 225760, 'PLACED')...
Wrote pin uio_oe[2] at layer met4 at (44470, 224760, 44770, 225760, 'PLACED')...
Wrote pin uio_oe[3] at layer met4 at (41710, 224760, 42010, 225760, 'PLACED')...
Wrote pin uio_oe[4] at layer met4 at (38950, 224760, 39250, 225760, 'PLACED')...
Wrote pin uio_oe[5] at layer met4 at (36190, 224760, 36490, 225760, 'PLACED')...
Wrote pin uio_oe[6] at layer met4 at (33430, 224760, 33730, 225760, 'PLACED')...
Wrote pin uio_oe[7] at layer met4 at (30670, 224760, 30970, 225760, 'PLACED')...
Wrote pin uio_out[0] at layer met4 at (72070, 224760, 72370, 225760, 'PLACED')...
Wrote pin uio_out[1] at layer met4 at (69310, 224760, 69610, 225760, 'PLACED')...
Wrote pin uio_out[2] at layer met4 at (66550, 224760, 66850, 225760, 'PLACED')...
Wrote pin uio_out[3] at layer met4 at (63790, 224760, 64090, 225760, 'PLACED')...
Wrote pin uio_out[4] at layer met4 at (61030, 224760, 61330, 225760, 'PLACED')...
Wrote pin uio_out[5] at layer met4 at (58270, 224760, 58570, 225760, 'PLACED')...
Wrote pin uio_out[6] at layer met4 at (55510, 224760, 55810, 225760, 'PLACED')...
Wrote pin uio_out[7] at layer met4 at (52750, 224760, 53050, 225760, 'PLACED')...
Wrote pin uo_out[0] at layer met4 at (94150, 224760, 94450, 225760, 'PLACED')...
Wrote pin uo_out[1] at layer met4 at (91390, 224760, 91690, 225760, 'PLACED')...
Wrote pin uo_out[2] at layer met4 at (88630, 224760, 88930, 225760, 'PLACED')...
Wrote pin uo_out[3] at layer met4 at (85870, 224760, 86170, 225760, 'PLACED')...
Wrote pin uo_out[4] at layer met4 at (83110, 224760, 83410, 225760, 'PLACED')...
Wrote pin uo_out[5] at layer met4 at (80350, 224760, 80650, 225760, 'PLACED')...
Wrote pin uo_out[6] at layer met4 at (77590, 224760, 77890, 225760, 'PLACED')...
Wrote pin uo_out[7] at layer met4 at (74830, 224760, 75130, 225760, 'PLACED')...
