Reading OpenROAD database at '/home/taka/ISHI_Kai/bfCPU/ttsky_bfCPU/runs/wokwi/31-openroad-repairdesignpostgpl/tt_um_bfcpu.odb'…
Reading library file at '/home/taka/ISHI_Kai/bfCPU/ttsetup/pdk/ciel/sky130/versions/0fe599b2afb6708d281543108caf8310912f54af/sky130A/libs.ref/sky130_fd_sc_hd/lib/sky130_fd_sc_hd__tt_025C_1v80.lib'…
Reading design constraints file at '/nix/store/4h964pg996p5lz54maggj16ydp2cbki3-python3-3.11.9-env/lib/python3.11/site-packages/librelane/scripts/base.sdc'…
[INFO] Using clock clk…
[INFO] Setting output delay to: 20
[INFO] Setting input delay to: 20
[INFO] Setting load to: 0.033442
[INFO] Setting clock uncertainty to: 0.25
[INFO] Setting clock transition to: 0.1499999999999999944488848768742172978818416595458984375
[INFO] Setting timing derate to: 5%
Placement Analysis
---------------------------------
total displacement          0.0 u
average displacement        0.0 u
max displacement            0.0 u
original HPWL           98508.6 u
legalized HPWL         100982.2 u
delta HPWL                    3 %

[INFO DPL-0020] Mirrored 1345 instances
[INFO DPL-0021] HPWL before          100982.2 u
[INFO DPL-0022] HPWL after            98508.6 u
[INFO DPL-0023] HPWL delta               -2.4 %
Setting global connections for newly added cells…
[INFO] Setting global connections...
Updating metrics…
Cell type report:                       Count       Area
  Fill cell                               162     608.08
  Tap cell                               1037    1297.49
  Buffer                                    3      17.52
  Timing Repair Buffer                    352    2202.11
  Inverter                                 77     289.03
  Sequential cell                         713   17595.63
  Multi-Input combinational cell         2686   22809.38
  Total                                  5030   44819.24
Writing OpenROAD database to '/home/taka/ISHI_Kai/bfCPU/ttsky_bfCPU/runs/wokwi/33-openroad-detailedplacement/tt_um_bfcpu.odb'…
Writing netlist to '/home/taka/ISHI_Kai/bfCPU/ttsky_bfCPU/runs/wokwi/33-openroad-detailedplacement/tt_um_bfcpu.nl.v'…
Writing powered netlist to '/home/taka/ISHI_Kai/bfCPU/ttsky_bfCPU/runs/wokwi/33-openroad-detailedplacement/tt_um_bfcpu.pnl.v'…
Writing layout to '/home/taka/ISHI_Kai/bfCPU/ttsky_bfCPU/runs/wokwi/33-openroad-detailedplacement/tt_um_bfcpu.def'…
Writing timing constraints to '/home/taka/ISHI_Kai/bfCPU/ttsky_bfCPU/runs/wokwi/33-openroad-detailedplacement/tt_um_bfcpu.sdc'…
