Reading OpenROAD database at '/home/taka/ISHI_Kai/bfCPU/ttsky_bfCPU/runs/wokwi/41-odb-heuristicdiodeinsertion/1-odb-fuzzydiodeplacement/tt_um_bfcpu.odb'…
Reading library file at '/home/taka/ISHI_Kai/bfCPU/ttsetup/pdk/ciel/sky130/versions/0fe599b2afb6708d281543108caf8310912f54af/sky130A/libs.ref/sky130_fd_sc_hd/lib/sky130_fd_sc_hd__tt_025C_1v80.lib'…
Reading design constraints file at '/nix/store/4h964pg996p5lz54maggj16ydp2cbki3-python3-3.11.9-env/lib/python3.11/site-packages/librelane/scripts/base.sdc'…
[INFO] Using clock clk…
[INFO] Setting output delay to: 20
[INFO] Setting input delay to: 20
[INFO] Setting load to: 0.033442
[INFO] Setting clock uncertainty to: 0.25
[INFO] Setting clock transition to: 0.1499999999999999944488848768742172978818416595458984375
[INFO] Setting timing derate to: 5%
Placement Analysis
---------------------------------
total displacement      21063.6 u
average displacement        2.7 u
max displacement          138.0 u
original HPWL          109987.8 u
legalized HPWL         116895.4 u
delta HPWL                    6 %

[INFO DPL-0020] Mirrored 2361 instances
[INFO DPL-0021] HPWL before          116895.4 u
[INFO DPL-0022] HPWL after           113291.9 u
[INFO DPL-0023] HPWL delta               -3.1 %
Setting global connections for newly added cells…
[INFO] Setting global connections...
Updating metrics…
Cell type report:                       Count       Area
  Fill cell                               162     608.08
  Tap cell                               1037    1297.49
  Antenna cell                           2307    5773.04
  Buffer                                    3      17.52
  Clock buffer                             65     944.66
  Timing Repair Buffer                    831    6996.71
  Inverter                                 72     270.26
  Clock inverter                           54     648.12
  Sequential cell                         713   17595.63
  Multi-Input combinational cell         2686   22809.38
  Total                                  7930   56960.88
Writing OpenROAD database to '/home/taka/ISHI_Kai/bfCPU/ttsky_bfCPU/runs/wokwi/41-odb-heuristicdiodeinsertion/2-openroad-detailedplacement/tt_um_bfcpu.odb'…
Writing netlist to '/home/taka/ISHI_Kai/bfCPU/ttsky_bfCPU/runs/wokwi/41-odb-heuristicdiodeinsertion/2-openroad-detailedplacement/tt_um_bfcpu.nl.v'…
Writing powered netlist to '/home/taka/ISHI_Kai/bfCPU/ttsky_bfCPU/runs/wokwi/41-odb-heuristicdiodeinsertion/2-openroad-detailedplacement/tt_um_bfcpu.pnl.v'…
Writing layout to '/home/taka/ISHI_Kai/bfCPU/ttsky_bfCPU/runs/wokwi/41-odb-heuristicdiodeinsertion/2-openroad-detailedplacement/tt_um_bfcpu.def'…
Writing timing constraints to '/home/taka/ISHI_Kai/bfCPU/ttsky_bfCPU/runs/wokwi/41-odb-heuristicdiodeinsertion/2-openroad-detailedplacement/tt_um_bfcpu.sdc'…
