Clock: clk
Sources: clk 
Generated: no
Virtual: yes
Propagated: no
Period: 100.000000

===========================================================================
report_clock_properties
============================================================================
Clock                   Period          Waveform
----------------------------------------------------
clk                 100.000000    0.000000 50.000000

===========================================================================
report_clock_latency
============================================================================
Clock clk
rise -> rise
    min     max
0.000000 0.000000 source latency
0.757483         network latency _5985_/CLK
        0.815828 network latency _5998_/CLK
---------------
0.757483 0.815828 latency
        0.058345 skew

rise -> fall
    min     max
0.000000 0.000000 source latency
0.832327         network latency _5729_/CLK
        0.853108 network latency _5731_/CLK
---------------
0.832327 0.853108 latency
        0.020780 skew

fall -> rise
    min     max
0.000000 0.000000 source latency
0.732143         network latency _5729_/CLK
        0.751413 network latency _5731_/CLK
---------------
0.732143 0.751413 latency
        0.019270 skew

fall -> fall
    min     max
0.000000 0.000000 source latency
0.656357         network latency _5985_/CLK
        0.698705 network latency _5998_/CLK
---------------
0.656357 0.698705 latency
        0.042348 skew



===========================================================================
report_clock_min_period
============================================================================
clk period_min = 10.70 fmax = 93.49
