[WARNING ORD-0039] .openroad ignored with -python
Unannotated report:
['report_parasitic_annotation -report_unannotated\n',
 '============================================================================\n',
 'Found 83 unannotated drivers.\n',
 ' ena\n',
 ' ui_in[0]\n',
 ' ui_in[1]\n',
 ' ui_in[2]\n',
 ' ui_in[3]\n',
 ' ui_in[4]\n',
 ' ui_in[5]\n',
 ' ui_in[6]\n',
 ' uio_in[0]\n',
 ' uio_in[1]\n',
 ' uio_in[4]\n',
 ' uio_in[5]\n',
 ' clkload0/Y\n',
 ' clkload1/X\n',
 ' clkload10/Y\n',
 ' clkload11/Y\n',
 ' clkload12/Y\n',
 ' clkload13/Y\n',
 ' clkload14/Y\n',
 ' clkload15/Y\n',
 ' clkload16/Y\n',
 ' clkload17/Y\n',
 ' clkload18/Y\n',
 ' clkload19/Y\n',
 ' clkload2/X\n',
 ' clkload20/Y\n',
 ' clkload21/Y\n',
 ' clkload22/Y\n',
 ' clkload23/Y\n',
 ' clkload24/Y\n',
 ' clkload25/Y\n',
 ' clkload26/Y\n',
 ' clkload27/Y\n',
 ' clkload28/Y\n',
 ' clkload29/Y\n',
 ' clkload3/Y\n',
 ' clkload30/Y\n',
 ' clkload31/Y\n',
 ' clkload32/Y\n',
 ' clkload33/Y\n',
 ' clkload34/Y\n',
 ' clkload35/X\n',
 ' clkload36/Y\n',
 ' clkload37/X\n',
 ' clkload38/Y\n',
 ' clkload39/Y\n',
 ' clkload4/Y\n',
 ' clkload40/Y\n',
 ' clkload41/Y\n',
 ' clkload42/Y\n',
 ' clkload43/Y\n',
 ' clkload44/Y\n',
 ' clkload45/Y\n',
 ' clkload46/Y\n',
 ' clkload47/Y\n',
 ' clkload48/Y\n',
 ' clkload49/Y\n',
 ' clkload5/Y\n',
 ' clkload50/X\n',
 ' clkload51/Y\n',
 ' clkload52/Y\n',
 ' clkload53/Y\n',
 ' clkload6/Y\n',
 ' clkload7/Y\n',
 ' clkload8/Y\n',
 ' clkload9/Y\n',
 ' tt_um_bfcpu_353/HI\n',
 ' tt_um_bfcpu_354/HI\n',
 ' tt_um_bfcpu_355/HI\n',
 ' tt_um_bfcpu_356/HI\n',
 ' tt_um_bfcpu_357/HI\n',
 ' tt_um_bfcpu_358/HI\n',
 ' tt_um_bfcpu_359/HI\n',
 ' tt_um_bfcpu_360/HI\n',
 ' tt_um_bfcpu_361/HI\n',
 ' tt_um_bfcpu_362/HI\n',
 ' tt_um_bfcpu_363/HI\n',
 ' tt_um_bfcpu_364/HI\n',
 ' tt_um_bfcpu_365/HI\n',
 ' tt_um_bfcpu_366/HI\n',
 ' tt_um_bfcpu_367/HI\n',
 ' tt_um_bfcpu_368/HI\n',
 ' tt_um_bfcpu_369/HI\n',
 'Found 0 partially unannotated drivers.\n',
 '\n']
Reported nets:
['ena',
 'ui_in[0]',
 'ui_in[1]',
 'ui_in[2]',
 'ui_in[3]',
 'ui_in[4]',
 'ui_in[5]',
 'ui_in[6]',
 'uio_in[0]',
 'uio_in[1]',
 'uio_in[4]',
 'uio_in[5]',
 'clkload0/Y',
 'clkload1/X',
 'clkload10/Y',
 'clkload11/Y',
 'clkload12/Y',
 'clkload13/Y',
 'clkload14/Y',
 'clkload15/Y',
 'clkload16/Y',
 'clkload17/Y',
 'clkload18/Y',
 'clkload19/Y',
 'clkload2/X',
 'clkload20/Y',
 'clkload21/Y',
 'clkload22/Y',
 'clkload23/Y',
 'clkload24/Y',
 'clkload25/Y',
 'clkload26/Y',
 'clkload27/Y',
 'clkload28/Y',
 'clkload29/Y',
 'clkload3/Y',
 'clkload30/Y',
 'clkload31/Y',
 'clkload32/Y',
 'clkload33/Y',
 'clkload34/Y',
 'clkload35/X',
 'clkload36/Y',
 'clkload37/X',
 'clkload38/Y',
 'clkload39/Y',
 'clkload4/Y',
 'clkload40/Y',
 'clkload41/Y',
 'clkload42/Y',
 'clkload43/Y',
 'clkload44/Y',
 'clkload45/Y',
 'clkload46/Y',
 'clkload47/Y',
 'clkload48/Y',
 'clkload49/Y',
 'clkload5/Y',
 'clkload50/X',
 'clkload51/Y',
 'clkload52/Y',
 'clkload53/Y',
 'clkload6/Y',
 'clkload7/Y',
 'clkload8/Y',
 'clkload9/Y',
 'tt_um_bfcpu_353/HI',
 'tt_um_bfcpu_354/HI',
 'tt_um_bfcpu_355/HI',
 'tt_um_bfcpu_356/HI',
 'tt_um_bfcpu_357/HI',
 'tt_um_bfcpu_358/HI',
 'tt_um_bfcpu_359/HI',
 'tt_um_bfcpu_360/HI',
 'tt_um_bfcpu_361/HI',
 'tt_um_bfcpu_362/HI',
 'tt_um_bfcpu_363/HI',
 'tt_um_bfcpu_364/HI',
 'tt_um_bfcpu_365/HI',
 'tt_um_bfcpu_366/HI',
 'tt_um_bfcpu_367/HI',
 'tt_um_bfcpu_368/HI',
 'tt_um_bfcpu_369/HI']
Filtered nets:
[]
done
