                                                                       Cells by Function                                                                        
┏━━━━━━━━━━━━━━━━━━━━━━━━━━━━━━━━━━━━━━━━━━━━━━━━━━━━━━━━━━━━━━━━━━━━━━━━━━━━━━━━━━━━━━━━━━━━━━━━━━━━━━━━━━━━━━━━━━━━━━━━━━━━━━━━━┳━━━━━━━━━━━━━━━━━━━━━━━━━━━━┓
┃ Cell Function                                                                                                                   ┃ Count                      ┃
┡━━━━━━━━━━━━━━━━━━━━━━━━━━━━━━━━━━━━━━━━━━━━━━━━━━━━━━━━━━━━━━━━━━━━━━━━━━━━━━━━━━━━━━━━━━━━━━━━━━━━━━━━━━━━━━━━━━━━━━━━━━━━━━━━━╇━━━━━━━━━━━━━━━━━━━━━━━━━━━━┩
│ sky130_ef_sc_hd__decap                                                                                                          │ 488                        │
│ sky130_fd_sc_hd__a2111o                                                                                                         │ 17                         │
│ sky130_fd_sc_hd__a211o                                                                                                          │ 81                         │
│ sky130_fd_sc_hd__a211oi                                                                                                         │ 3                          │
│ sky130_fd_sc_hd__a21bo                                                                                                          │ 14                         │
│ sky130_fd_sc_hd__a21boi                                                                                                         │ 5                          │
│ sky130_fd_sc_hd__a21o                                                                                                           │ 159                        │
│ sky130_fd_sc_hd__a21oi                                                                                                          │ 63                         │
│ sky130_fd_sc_hd__a221o                                                                                                          │ 56                         │
│ sky130_fd_sc_hd__a221oi                                                                                                         │ 3                          │
│ sky130_fd_sc_hd__a22o                                                                                                           │ 255                        │
│ sky130_fd_sc_hd__a22oi                                                                                                          │ 10                         │
│ sky130_fd_sc_hd__a2bb2o                                                                                                         │ 9                          │
│ sky130_fd_sc_hd__a311o                                                                                                          │ 8                          │
│ sky130_fd_sc_hd__a311oi                                                                                                         │ 4                          │
│ sky130_fd_sc_hd__a31o                                                                                                           │ 37                         │
│ sky130_fd_sc_hd__a31oi                                                                                                          │ 6                          │
│ sky130_fd_sc_hd__a32o                                                                                                           │ 11                         │
│ sky130_fd_sc_hd__a32oi                                                                                                          │ 1                          │
│ sky130_fd_sc_hd__a41o                                                                                                           │ 6                          │
│ sky130_fd_sc_hd__and2                                                                                                           │ 113                        │
│ sky130_fd_sc_hd__and2b                                                                                                          │ 73                         │
│ sky130_fd_sc_hd__and3                                                                                                           │ 71                         │
│ sky130_fd_sc_hd__and3b                                                                                                          │ 16                         │
│ sky130_fd_sc_hd__and4                                                                                                           │ 18                         │
│ sky130_fd_sc_hd__and4b                                                                                                          │ 14                         │
│ sky130_fd_sc_hd__and4bb                                                                                                         │ 3                          │
│ sky130_fd_sc_hd__buf                                                                                                            │ 118                        │
│ sky130_fd_sc_hd__bufinv                                                                                                         │ 2                          │
│ sky130_fd_sc_hd__clkbuf                                                                                                         │ 293                        │
│ sky130_fd_sc_hd__clkinv                                                                                                         │ 18                         │
│ sky130_fd_sc_hd__clkinvlp                                                                                                       │ 6                          │
│ sky130_fd_sc_hd__conb                                                                                                           │ 17                         │
│ sky130_fd_sc_hd__decap                                                                                                          │ 1105                       │
│ sky130_fd_sc_hd__dfrtp                                                                                                          │ 596                        │
│ sky130_fd_sc_hd__dfstp                                                                                                          │ 13                         │
│ sky130_fd_sc_hd__dfxtp                                                                                                          │ 104                        │
│ sky130_fd_sc_hd__diode                                                                                                          │ 2307                       │
│ sky130_fd_sc_hd__dlygate4sd3                                                                                                    │ 479                        │
│ sky130_fd_sc_hd__dlymetal6s2s                                                                                                   │ 9                          │
│ sky130_fd_sc_hd__fill                                                                                                           │ 1486                       │
│ sky130_fd_sc_hd__inv                                                                                                            │ 100                        │
│ sky130_fd_sc_hd__mux2                                                                                                           │ 584                        │
│ sky130_fd_sc_hd__mux4                                                                                                           │ 15                         │
│ sky130_fd_sc_hd__nand2                                                                                                          │ 118                        │
│ sky130_fd_sc_hd__nand2b                                                                                                         │ 9                          │
│ sky130_fd_sc_hd__nand3                                                                                                          │ 6                          │
│ sky130_fd_sc_hd__nand3b                                                                                                         │ 8                          │
│ sky130_fd_sc_hd__nand4                                                                                                          │ 3                          │
│ sky130_fd_sc_hd__nand4b                                                                                                         │ 1                          │
│ sky130_fd_sc_hd__nor2                                                                                                           │ 162                        │
│ sky130_fd_sc_hd__nor3                                                                                                           │ 15                         │
│ sky130_fd_sc_hd__nor3b                                                                                                          │ 7                          │
│ sky130_fd_sc_hd__nor4                                                                                                           │ 4                          │
│ sky130_fd_sc_hd__o2111a                                                                                                         │ 2                          │
│ sky130_fd_sc_hd__o2111ai                                                                                                        │ 1                          │
│ sky130_fd_sc_hd__o211a                                                                                                          │ 47                         │
│ sky130_fd_sc_hd__o211ai                                                                                                         │ 3                          │
│ sky130_fd_sc_hd__o21a                                                                                                           │ 89                         │
│ sky130_fd_sc_hd__o21ai                                                                                                          │ 46                         │
│ sky130_fd_sc_hd__o21ba                                                                                                          │ 16                         │
│ sky130_fd_sc_hd__o21bai                                                                                                         │ 3                          │
│ sky130_fd_sc_hd__o221a                                                                                                          │ 10                         │
│ sky130_fd_sc_hd__o221ai                                                                                                         │ 2                          │
│ sky130_fd_sc_hd__o22a                                                                                                           │ 24                         │
│ sky130_fd_sc_hd__o22ai                                                                                                          │ 1                          │
│ sky130_fd_sc_hd__o2bb2a                                                                                                         │ 5                          │
│ sky130_fd_sc_hd__o311a                                                                                                          │ 13                         │
│ sky130_fd_sc_hd__o31a                                                                                                           │ 24                         │
│ sky130_fd_sc_hd__o31ai                                                                                                          │ 7                          │
│ sky130_fd_sc_hd__o32a                                                                                                           │ 4                          │
│ sky130_fd_sc_hd__o41a                                                                                                           │ 5                          │
│ sky130_fd_sc_hd__or2                                                                                                            │ 110                        │
│ sky130_fd_sc_hd__or3                                                                                                            │ 41                         │
│ sky130_fd_sc_hd__or3b                                                                                                           │ 17                         │
│ sky130_fd_sc_hd__or4                                                                                                            │ 84                         │
│ sky130_fd_sc_hd__or4b                                                                                                           │ 24                         │
│ sky130_fd_sc_hd__or4bb                                                                                                          │ 8                          │
│ sky130_fd_sc_hd__tapvpwrvgnd                                                                                                    │ 1037                       │
│ sky130_fd_sc_hd__xnor2                                                                                                          │ 47                         │
│ sky130_fd_sc_hd__xor2                                                                                                           │ 48                         │
└─────────────────────────────────────────────────────────────────────────────────────────────────────────────────────────────────┴────────────────────────────┘
