                                                                        Cells by Master                                                                         
┏━━━━━━━━━━━━━━━━━━━━━━━━━━━━━━━━━━━━━━━━━━━━━━━━━━━━━━━━━━━━━━━━━━━━━━━━━━━━━━━━━━━━━━━━━━━━━━━━━━━━━━━━━━━━━━━━━━━━━━━━━━━━━━━━━━┳━━━━━━━━━━━━━━━━━━━━━━━━━━━┓
┃ Cell                                                                                                                             ┃ Count                     ┃
┡━━━━━━━━━━━━━━━━━━━━━━━━━━━━━━━━━━━━━━━━━━━━━━━━━━━━━━━━━━━━━━━━━━━━━━━━━━━━━━━━━━━━━━━━━━━━━━━━━━━━━━━━━━━━━━━━━━━━━━━━━━━━━━━━━━╇━━━━━━━━━━━━━━━━━━━━━━━━━━━┩
│ sky130_ef_sc_hd__decap_12                                                                                                        │ 488                       │
│ sky130_fd_sc_hd__a2111o_1                                                                                                        │ 17                        │
│ sky130_fd_sc_hd__a211o_1                                                                                                         │ 81                        │
│ sky130_fd_sc_hd__a211oi_1                                                                                                        │ 3                         │
│ sky130_fd_sc_hd__a21bo_1                                                                                                         │ 14                        │
│ sky130_fd_sc_hd__a21boi_1                                                                                                        │ 4                         │
│ sky130_fd_sc_hd__a21boi_2                                                                                                        │ 1                         │
│ sky130_fd_sc_hd__a21o_1                                                                                                          │ 159                       │
│ sky130_fd_sc_hd__a21oi_1                                                                                                         │ 61                        │
│ sky130_fd_sc_hd__a21oi_2                                                                                                         │ 2                         │
│ sky130_fd_sc_hd__a221o_1                                                                                                         │ 56                        │
│ sky130_fd_sc_hd__a221oi_1                                                                                                        │ 2                         │
│ sky130_fd_sc_hd__a221oi_2                                                                                                        │ 1                         │
│ sky130_fd_sc_hd__a22o_1                                                                                                          │ 252                       │
│ sky130_fd_sc_hd__a22o_2                                                                                                          │ 3                         │
│ sky130_fd_sc_hd__a22oi_1                                                                                                         │ 3                         │
│ sky130_fd_sc_hd__a22oi_2                                                                                                         │ 7                         │
│ sky130_fd_sc_hd__a2bb2o_1                                                                                                        │ 8                         │
│ sky130_fd_sc_hd__a2bb2o_2                                                                                                        │ 1                         │
│ sky130_fd_sc_hd__a311o_1                                                                                                         │ 8                         │
│ sky130_fd_sc_hd__a311oi_1                                                                                                        │ 2                         │
│ sky130_fd_sc_hd__a311oi_2                                                                                                        │ 1                         │
│ sky130_fd_sc_hd__a311oi_4                                                                                                        │ 1                         │
│ sky130_fd_sc_hd__a31o_1                                                                                                          │ 37                        │
│ sky130_fd_sc_hd__a31oi_1                                                                                                         │ 3                         │
│ sky130_fd_sc_hd__a31oi_2                                                                                                         │ 3                         │
│ sky130_fd_sc_hd__a32o_1                                                                                                          │ 11                        │
│ sky130_fd_sc_hd__a32oi_4                                                                                                         │ 1                         │
│ sky130_fd_sc_hd__a41o_1                                                                                                          │ 4                         │
│ sky130_fd_sc_hd__a41o_2                                                                                                          │ 2                         │
│ sky130_fd_sc_hd__and2_1                                                                                                          │ 105                       │
│ sky130_fd_sc_hd__and2_2                                                                                                          │ 6                         │
│ sky130_fd_sc_hd__and2_4                                                                                                          │ 2                         │
│ sky130_fd_sc_hd__and2b_1                                                                                                         │ 69                        │
│ sky130_fd_sc_hd__and2b_2                                                                                                         │ 4                         │
│ sky130_fd_sc_hd__and3_1                                                                                                          │ 67                        │
│ sky130_fd_sc_hd__and3_2                                                                                                          │ 2                         │
│ sky130_fd_sc_hd__and3_4                                                                                                          │ 2                         │
│ sky130_fd_sc_hd__and3b_1                                                                                                         │ 10                        │
│ sky130_fd_sc_hd__and3b_2                                                                                                         │ 4                         │
│ sky130_fd_sc_hd__and3b_4                                                                                                         │ 2                         │
│ sky130_fd_sc_hd__and4_1                                                                                                          │ 16                        │
│ sky130_fd_sc_hd__and4_2                                                                                                          │ 1                         │
│ sky130_fd_sc_hd__and4_4                                                                                                          │ 1                         │
│ sky130_fd_sc_hd__and4b_1                                                                                                         │ 13                        │
│ sky130_fd_sc_hd__and4b_2                                                                                                         │ 1                         │
│ sky130_fd_sc_hd__and4bb_1                                                                                                        │ 3                         │
│ sky130_fd_sc_hd__buf_1                                                                                                           │ 9                         │
│ sky130_fd_sc_hd__buf_2                                                                                                           │ 103                       │
│ sky130_fd_sc_hd__buf_4                                                                                                           │ 6                         │
│ sky130_fd_sc_hd__bufinv_16                                                                                                       │ 2                         │
│ sky130_fd_sc_hd__clkbuf_1                                                                                                        │ 7                         │
│ sky130_fd_sc_hd__clkbuf_16                                                                                                       │ 5                         │
│ sky130_fd_sc_hd__clkbuf_2                                                                                                        │ 69                        │
│ sky130_fd_sc_hd__clkbuf_4                                                                                                        │ 153                       │
│ sky130_fd_sc_hd__clkbuf_8                                                                                                        │ 59                        │
│ sky130_fd_sc_hd__clkinv_2                                                                                                        │ 1                         │
│ sky130_fd_sc_hd__clkinv_4                                                                                                        │ 6                         │
│ sky130_fd_sc_hd__clkinv_8                                                                                                        │ 11                        │
│ sky130_fd_sc_hd__clkinvlp_4                                                                                                      │ 6                         │
│ sky130_fd_sc_hd__conb_1                                                                                                          │ 17                        │
│ sky130_fd_sc_hd__decap_3                                                                                                         │ 400                       │
│ sky130_fd_sc_hd__decap_4                                                                                                         │ 279                       │
│ sky130_fd_sc_hd__decap_6                                                                                                         │ 207                       │
│ sky130_fd_sc_hd__decap_8                                                                                                         │ 219                       │
│ sky130_fd_sc_hd__dfrtp_1                                                                                                         │ 509                       │
│ sky130_fd_sc_hd__dfrtp_2                                                                                                         │ 29                        │
│ sky130_fd_sc_hd__dfrtp_4                                                                                                         │ 58                        │
│ sky130_fd_sc_hd__dfstp_1                                                                                                         │ 13                        │
│ sky130_fd_sc_hd__dfxtp_1                                                                                                         │ 101                       │
│ sky130_fd_sc_hd__dfxtp_2                                                                                                         │ 3                         │
│ sky130_fd_sc_hd__diode_2                                                                                                         │ 2307                      │
│ sky130_fd_sc_hd__dlygate4sd3_1                                                                                                   │ 479                       │
│ sky130_fd_sc_hd__dlymetal6s2s_1                                                                                                  │ 9                         │
│ sky130_fd_sc_hd__fill_1                                                                                                          │ 1181                      │
│ sky130_fd_sc_hd__fill_2                                                                                                          │ 305                       │
│ sky130_fd_sc_hd__inv_12                                                                                                          │ 7                         │
│ sky130_fd_sc_hd__inv_16                                                                                                          │ 1                         │
│ sky130_fd_sc_hd__inv_2                                                                                                           │ 77                        │
│ sky130_fd_sc_hd__inv_6                                                                                                           │ 6                         │
│ sky130_fd_sc_hd__inv_8                                                                                                           │ 9                         │
│ sky130_fd_sc_hd__mux2_1                                                                                                          │ 584                       │
│ sky130_fd_sc_hd__mux4_1                                                                                                          │ 15                        │
│ sky130_fd_sc_hd__nand2_1                                                                                                         │ 102                       │
│ sky130_fd_sc_hd__nand2_2                                                                                                         │ 10                        │
│ sky130_fd_sc_hd__nand2_4                                                                                                         │ 6                         │
│ sky130_fd_sc_hd__nand2b_1                                                                                                        │ 8                         │
│ sky130_fd_sc_hd__nand2b_2                                                                                                        │ 1                         │
│ sky130_fd_sc_hd__nand3_1                                                                                                         │ 4                         │
│ sky130_fd_sc_hd__nand3_2                                                                                                         │ 1                         │
│ sky130_fd_sc_hd__nand3_4                                                                                                         │ 1                         │
│ sky130_fd_sc_hd__nand3b_1                                                                                                        │ 3                         │
│ sky130_fd_sc_hd__nand3b_2                                                                                                        │ 3                         │
│ sky130_fd_sc_hd__nand3b_4                                                                                                        │ 2                         │
│ sky130_fd_sc_hd__nand4_1                                                                                                         │ 3                         │
│ sky130_fd_sc_hd__nand4b_1                                                                                                        │ 1                         │
│ sky130_fd_sc_hd__nor2_1                                                                                                          │ 138                       │
│ sky130_fd_sc_hd__nor2_2                                                                                                          │ 17                        │
│ sky130_fd_sc_hd__nor2_4                                                                                                          │ 7                         │
│ sky130_fd_sc_hd__nor3_1                                                                                                          │ 14                        │
│ sky130_fd_sc_hd__nor3_2                                                                                                          │ 1                         │
│ sky130_fd_sc_hd__nor3b_1                                                                                                         │ 4                         │
│ sky130_fd_sc_hd__nor3b_2                                                                                                         │ 1                         │
│ sky130_fd_sc_hd__nor3b_4                                                                                                         │ 2                         │
│ sky130_fd_sc_hd__nor4_1                                                                                                          │ 3                         │
│ sky130_fd_sc_hd__nor4_2                                                                                                          │ 1                         │
│ sky130_fd_sc_hd__o2111a_1                                                                                                        │ 1                         │
│ sky130_fd_sc_hd__o2111a_4                                                                                                        │ 1                         │
│ sky130_fd_sc_hd__o2111ai_1                                                                                                       │ 1                         │
│ sky130_fd_sc_hd__o211a_1                                                                                                         │ 45                        │
│ sky130_fd_sc_hd__o211a_2                                                                                                         │ 2                         │
│ sky130_fd_sc_hd__o211ai_1                                                                                                        │ 1                         │
│ sky130_fd_sc_hd__o211ai_2                                                                                                        │ 1                         │
│ sky130_fd_sc_hd__o211ai_4                                                                                                        │ 1                         │
│ sky130_fd_sc_hd__o21a_1                                                                                                          │ 88                        │
│ sky130_fd_sc_hd__o21a_2                                                                                                          │ 1                         │
│ sky130_fd_sc_hd__o21ai_1                                                                                                         │ 42                        │
│ sky130_fd_sc_hd__o21ai_2                                                                                                         │ 1                         │
│ sky130_fd_sc_hd__o21ai_4                                                                                                         │ 3                         │
│ sky130_fd_sc_hd__o21ba_1                                                                                                         │ 16                        │
│ sky130_fd_sc_hd__o21bai_1                                                                                                        │ 3                         │
│ sky130_fd_sc_hd__o221a_1                                                                                                         │ 10                        │
│ sky130_fd_sc_hd__o221ai_1                                                                                                        │ 1                         │
│ sky130_fd_sc_hd__o221ai_2                                                                                                        │ 1                         │
│ sky130_fd_sc_hd__o22a_1                                                                                                          │ 24                        │
│ sky130_fd_sc_hd__o22ai_1                                                                                                         │ 1                         │
│ sky130_fd_sc_hd__o2bb2a_1                                                                                                        │ 5                         │
│ sky130_fd_sc_hd__o311a_1                                                                                                         │ 13                        │
│ sky130_fd_sc_hd__o31a_1                                                                                                          │ 23                        │
│ sky130_fd_sc_hd__o31a_2                                                                                                          │ 1                         │
│ sky130_fd_sc_hd__o31ai_1                                                                                                         │ 6                         │
│ sky130_fd_sc_hd__o31ai_4                                                                                                         │ 1                         │
│ sky130_fd_sc_hd__o32a_1                                                                                                          │ 4                         │
│ sky130_fd_sc_hd__o41a_1                                                                                                          │ 5                         │
│ sky130_fd_sc_hd__or2_1                                                                                                           │ 97                        │
│ sky130_fd_sc_hd__or2_2                                                                                                           │ 9                         │
│ sky130_fd_sc_hd__or2_4                                                                                                           │ 4                         │
│ sky130_fd_sc_hd__or3_1                                                                                                           │ 33                        │
│ sky130_fd_sc_hd__or3_2                                                                                                           │ 4                         │
│ sky130_fd_sc_hd__or3_4                                                                                                           │ 4                         │
│ sky130_fd_sc_hd__or3b_1                                                                                                          │ 14                        │
│ sky130_fd_sc_hd__or3b_2                                                                                                          │ 1                         │
│ sky130_fd_sc_hd__or3b_4                                                                                                          │ 2                         │
│ sky130_fd_sc_hd__or4_1                                                                                                           │ 81                        │
│ sky130_fd_sc_hd__or4_2                                                                                                           │ 2                         │
│ sky130_fd_sc_hd__or4_4                                                                                                           │ 1                         │
│ sky130_fd_sc_hd__or4b_1                                                                                                          │ 22                        │
│ sky130_fd_sc_hd__or4b_4                                                                                                          │ 2                         │
│ sky130_fd_sc_hd__or4bb_1                                                                                                         │ 7                         │
│ sky130_fd_sc_hd__or4bb_2                                                                                                         │ 1                         │
│ sky130_fd_sc_hd__tapvpwrvgnd_1                                                                                                   │ 1037                      │
│ sky130_fd_sc_hd__xnor2_1                                                                                                         │ 44                        │
│ sky130_fd_sc_hd__xnor2_2                                                                                                         │ 3                         │
│ sky130_fd_sc_hd__xor2_1                                                                                                          │ 48                        │
└──────────────────────────────────────────────────────────────────────────────────────────────────────────────────────────────────┴───────────────────────────┘
