Reading OpenROAD database at '/home/taka/ISHI_Kai/bfCPU/ttsky_bfCPU/runs/wokwi/41-odb-heuristicdiodeinsertion/3-openroad-globalrouting/tt_um_bfcpu.odb'…
Reading library file at '/home/taka/ISHI_Kai/bfCPU/ttsetup/pdk/ciel/sky130/versions/0fe599b2afb6708d281543108caf8310912f54af/sky130A/libs.ref/sky130_fd_sc_hd/lib/sky130_fd_sc_hd__tt_025C_1v80.lib'…
Reading design constraints file at '/nix/store/4h964pg996p5lz54maggj16ydp2cbki3-python3-3.11.9-env/lib/python3.11/site-packages/librelane/scripts/base.sdc'…
[INFO] Using clock clk…
[INFO] Setting output delay to: 20
[INFO] Setting input delay to: 20
[INFO] Setting load to: 0.033442
[INFO] Setting clock uncertainty to: 0.25
[INFO] Setting clock transition to: 0.1499999999999999944488848768742172978818416595458984375
[INFO] Setting timing derate to: 5%
[INFO ORD-0030] Using 8 thread(s).
[INFO DRT-0149] Reading tech and libs.
[WARNING DRT-0349] LEF58_ENCLOSURE with no CUTCLASS is not supported. Skipping for layer mcon
[WARNING DRT-0349] LEF58_ENCLOSURE with no CUTCLASS is not supported. Skipping for layer mcon
[WARNING DRT-0349] LEF58_ENCLOSURE with no CUTCLASS is not supported. Skipping for layer via
[WARNING DRT-0349] LEF58_ENCLOSURE with no CUTCLASS is not supported. Skipping for layer via
[WARNING DRT-0349] LEF58_ENCLOSURE with no CUTCLASS is not supported. Skipping for layer via2
[WARNING DRT-0349] LEF58_ENCLOSURE with no CUTCLASS is not supported. Skipping for layer via2
[WARNING DRT-0349] LEF58_ENCLOSURE with no CUTCLASS is not supported. Skipping for layer via3
[WARNING DRT-0349] LEF58_ENCLOSURE with no CUTCLASS is not supported. Skipping for layer via3
[WARNING DRT-0349] LEF58_ENCLOSURE with no CUTCLASS is not supported. Skipping for layer via4
[WARNING DRT-0349] LEF58_ENCLOSURE with no CUTCLASS is not supported. Skipping for layer via4

Units:                1000
Number of layers:     13
Number of macros:     441
Number of vias:       28
Number of viarulegen: 25

[INFO DRT-0150] Reading design.

Design:                   tt_um_bfcpu
Die area:                 ( 0 0 ) ( 334880 225760 )
Number of track patterns: 12
Number of DEF vias:       0
Number of components:     7930
Number of terminals:      45
Number of snets:          2
Number of nets:           4389

[INFO DRT-0167] List of default vias:
  Layer via
    default via: M1M2_PR
  Layer via2
    default via: M2M3_PR
  Layer via3
    default via: M3M4_PR
  Layer via4
    default via: M4M5_PR
[INFO DRT-0162] Library cell analysis.
[INFO DRT-0163] Instance analysis.
[INFO DRT-0164] Number of unique instances = 390.
[INFO DRT-0168] Init region query.
[INFO DRT-0024]   Complete FR_MASTERSLICE.
[INFO DRT-0024]   Complete licon.
[INFO DRT-0024]   Complete li1.
[INFO DRT-0024]   Complete mcon.
[INFO DRT-0024]   Complete met1.
[INFO DRT-0024]   Complete via.
[INFO DRT-0024]   Complete met2.
[INFO DRT-0024]   Complete via2.
[INFO DRT-0024]   Complete met3.
[INFO DRT-0024]   Complete via3.
[INFO DRT-0024]   Complete met4.
[INFO DRT-0024]   Complete via4.
[INFO DRT-0024]   Complete met5.
[INFO DRT-0033] FR_MASTERSLICE shape region query size = 0.
[INFO DRT-0033] licon shape region query size = 0.
[INFO DRT-0033] li1 shape region query size = 167782.
[INFO DRT-0033] mcon shape region query size = 0.
[INFO DRT-0033] met1 shape region query size = 26217.
[INFO DRT-0033] via shape region query size = 3485.
[INFO DRT-0033] met2 shape region query size = 2091.
[INFO DRT-0033] via2 shape region query size = 2788.
[INFO DRT-0033] met3 shape region query size = 2091.
[INFO DRT-0033] via3 shape region query size = 2788.
[INFO DRT-0033] met4 shape region query size = 774.
[INFO DRT-0033] via4 shape region query size = 0.
[INFO DRT-0033] met5 shape region query size = 0.
[INFO DRT-0165] Start pin access.
[INFO DRT-0076]   Complete 1000 pins.
[INFO DRT-0078]   Complete 1522 pins.
[INFO DRT-0079]   Complete 100 unique inst patterns.
[INFO DRT-0079]   Complete 200 unique inst patterns.
[INFO DRT-0079]   Complete 300 unique inst patterns.
[INFO DRT-0081]   Complete 384 unique inst patterns.
[INFO DRT-0084]   Complete 2228 groups.
#scanned instances     = 7930
#unique  instances     = 390
#stdCellGenAp          = 11276
#stdCellValidPlanarAp  = 63
#stdCellValidViaAp     = 8756
#stdCellPinNoAp        = 0
#stdCellPinCnt         = 15759
#instTermValidViaApCnt = 0
#macroGenAp            = 0
#macroValidPlanarAp    = 0
#macroValidViaAp       = 0
#macroNoAp             = 0
[INFO DRT-0166] Complete pin access.
[INFO DRT-0267] cpu time = 00:00:29, elapsed time = 00:00:03, memory = 173.11 (MB), peak = 173.11 (MB)

[INFO DRT-0157] Number of guides:     39320

[INFO DRT-0169] Post process guides.
[INFO DRT-0176] GCELLGRID X 0 DO 48 STEP 6900 ;
[INFO DRT-0177] GCELLGRID Y 0 DO 32 STEP 6900 ;
[INFO DRT-0028]   Complete FR_MASTERSLICE.
[INFO DRT-0028]   Complete licon.
[INFO DRT-0028]   Complete li1.
[INFO DRT-0028]   Complete mcon.
[INFO DRT-0028]   Complete met1.
[INFO DRT-0028]   Complete via.
[INFO DRT-0028]   Complete met2.
[INFO DRT-0028]   Complete via2.
[INFO DRT-0028]   Complete met3.
[INFO DRT-0028]   Complete via3.
[INFO DRT-0028]   Complete met4.
[INFO DRT-0028]   Complete via4.
[INFO DRT-0028]   Complete met5.
[INFO DRT-0178] Init guide query.
[INFO DRT-0035]   Complete FR_MASTERSLICE (guide).
[INFO DRT-0035]   Complete licon (guide).
[INFO DRT-0035]   Complete li1 (guide).
[INFO DRT-0035]   Complete mcon (guide).
[INFO DRT-0035]   Complete met1 (guide).
[INFO DRT-0035]   Complete via (guide).
[INFO DRT-0035]   Complete met2 (guide).
[INFO DRT-0035]   Complete via2 (guide).
[INFO DRT-0035]   Complete met3 (guide).
[INFO DRT-0035]   Complete via3 (guide).
[INFO DRT-0035]   Complete met4 (guide).
[INFO DRT-0035]   Complete via4 (guide).
[INFO DRT-0035]   Complete met5 (guide).
[INFO DRT-0036] FR_MASTERSLICE guide region query size = 0.
[INFO DRT-0036] licon guide region query size = 0.
[INFO DRT-0036] li1 guide region query size = 13514.
[INFO DRT-0036] mcon guide region query size = 0.
[INFO DRT-0036] met1 guide region query size = 10789.
[INFO DRT-0036] via guide region query size = 0.
[INFO DRT-0036] met2 guide region query size = 5706.
[INFO DRT-0036] via2 guide region query size = 0.
[INFO DRT-0036] met3 guide region query size = 664.
[INFO DRT-0036] via3 guide region query size = 0.
[INFO DRT-0036] met4 guide region query size = 179.
[INFO DRT-0036] via4 guide region query size = 0.
[INFO DRT-0036] met5 guide region query size = 0.
[INFO DRT-0179] Init gr pin query.
[INFO DRT-0245] skipped writing guide updates to database.
[INFO DRT-0185] Post process initialize RPin region query.
[INFO DRT-0181] Start track assignment.
[INFO DRT-0184] Done with 19399 vertical wires in 1 frboxes and 11453 horizontal wires in 1 frboxes.
[INFO DRT-0186] Done with 2361 vertical wires in 1 frboxes and 4562 horizontal wires in 1 frboxes.
[INFO DRT-0182] Complete track assignment.
[INFO DRT-0267] cpu time = 00:00:06, elapsed time = 00:00:01, memory = 252.86 (MB), peak = 252.86 (MB)
[INFO DRT-0187] Start routing data preparation.
[INFO DRT-0267] cpu time = 00:00:00, elapsed time = 00:00:00, memory = 252.86 (MB), peak = 252.86 (MB)
[INFO DRT-0194] Start detail routing.
[INFO DRT-0195] Start 0th optimization iteration.
    Completing 10% with 0 violations.
    elapsed time = 00:00:00, memory = 462.09 (MB).
    Completing 20% with 0 violations.
    elapsed time = 00:00:01, memory = 453.92 (MB).
    Completing 30% with 0 violations.
    elapsed time = 00:00:02, memory = 413.57 (MB).
    Completing 40% with 706 violations.
    elapsed time = 00:00:04, memory = 592.34 (MB).
    Completing 50% with 706 violations.
    elapsed time = 00:00:06, memory = 544.57 (MB).
    Completing 60% with 1516 violations.
    elapsed time = 00:00:10, memory = 545.21 (MB).
    Completing 70% with 1516 violations.
    elapsed time = 00:00:11, memory = 555.58 (MB).
    Completing 80% with 1516 violations.
    elapsed time = 00:00:12, memory = 555.71 (MB).
    Completing 90% with 2239 violations.
    elapsed time = 00:00:15, memory = 648.83 (MB).
    Completing 100% with 3118 violations.
    elapsed time = 00:00:27, memory = 614.28 (MB).
[INFO DRT-0199]   Number of violations = 3775.
Viol/Layer         li1   met1    via   met2   met3   met4
Metal Spacing       16    469      0    140     12      0
Min Hole             0     15      0      0      0      0
Recheck              2    404      0    226     22      3
Short                0   2185      4    265     12      0
[INFO DRT-0267] cpu time = 00:01:27, elapsed time = 00:00:28, memory = 926.53 (MB), peak = 926.53 (MB)
Total wire length = 145447 um.
Total wire length on LAYER li1 = 0 um.
Total wire length on LAYER met1 = 68588 um.
Total wire length on LAYER met2 = 57159 um.
Total wire length on LAYER met3 = 16009 um.
Total wire length on LAYER met4 = 3689 um.
Total wire length on LAYER met5 = 0 um.
Total number of vias = 38847.
Up-via summary (total 38847):

------------------------
 FR_MASTERSLICE        0
            li1    17462
           met1    19581
           met2     1487
           met3      317
           met4        0
------------------------
                   38847


[INFO DRT-0195] Start 1st optimization iteration.
    Completing 10% with 3775 violations.
    elapsed time = 00:00:00, memory = 950.28 (MB).
    Completing 20% with 3775 violations.
    elapsed time = 00:00:01, memory = 950.28 (MB).
    Completing 30% with 3271 violations.
    elapsed time = 00:00:03, memory = 983.78 (MB).
    Completing 40% with 3271 violations.
    elapsed time = 00:00:05, memory = 983.78 (MB).
    Completing 50% with 3271 violations.
    elapsed time = 00:00:09, memory = 956.04 (MB).
    Completing 60% with 2945 violations.
    elapsed time = 00:00:10, memory = 959.16 (MB).
    Completing 70% with 2945 violations.
    elapsed time = 00:00:11, memory = 965.41 (MB).
    Completing 80% with 2945 violations.
    elapsed time = 00:00:14, memory = 961.13 (MB).
    Completing 90% with 2397 violations.
    elapsed time = 00:00:16, memory = 1002.38 (MB).
    Completing 100% with 1803 violations.
    elapsed time = 00:00:22, memory = 970.98 (MB).
[INFO DRT-0199]   Number of violations = 1803.
Viol/Layer        met1   met2   met3   met4
Metal Spacing      185    103     11      3
Min Hole            18      0      0      0
Short             1361    117      5      0
[INFO DRT-0267] cpu time = 00:01:22, elapsed time = 00:00:23, memory = 971.48 (MB), peak = 1002.38 (MB)
Total wire length = 144218 um.
Total wire length on LAYER li1 = 0 um.
Total wire length on LAYER met1 = 68090 um.
Total wire length on LAYER met2 = 56680 um.
Total wire length on LAYER met3 = 15790 um.
Total wire length on LAYER met4 = 3657 um.
Total wire length on LAYER met5 = 0 um.
Total number of vias = 38537.
Up-via summary (total 38537):

------------------------
 FR_MASTERSLICE        0
            li1    17458
           met1    19351
           met2     1430
           met3      298
           met4        0
------------------------
                   38537


[INFO DRT-0195] Start 2nd optimization iteration.
    Completing 10% with 1803 violations.
    elapsed time = 00:00:00, memory = 1004.48 (MB).
    Completing 20% with 1803 violations.
    elapsed time = 00:00:02, memory = 1018.33 (MB).
    Completing 30% with 1788 violations.
    elapsed time = 00:00:06, memory = 986.18 (MB).
    Completing 40% with 1788 violations.
    elapsed time = 00:00:08, memory = 986.18 (MB).
    Completing 50% with 1788 violations.
    elapsed time = 00:00:12, memory = 986.18 (MB).
    Completing 60% with 1866 violations.
    elapsed time = 00:00:12, memory = 986.18 (MB).
    Completing 70% with 1866 violations.
    elapsed time = 00:00:14, memory = 986.18 (MB).
    Completing 80% with 1940 violations.
    elapsed time = 00:00:18, memory = 1021.56 (MB).
    Completing 90% with 1940 violations.
    elapsed time = 00:00:20, memory = 1021.56 (MB).
    Completing 100% with 1882 violations.
    elapsed time = 00:00:23, memory = 986.29 (MB).
[INFO DRT-0199]   Number of violations = 1894.
Viol/Layer        mcon   met1    via   met2   met3
Cut Spacing          2      0      0      0      0
Metal Spacing        0    229      0     74      8
Min Hole             0     16      0      0      0
Recheck              0     10      0      2      0
Short                0   1425      1    117     10
[INFO DRT-0267] cpu time = 00:01:21, elapsed time = 00:00:23, memory = 989.29 (MB), peak = 1025.36 (MB)
Total wire length = 144036 um.
Total wire length on LAYER li1 = 0 um.
Total wire length on LAYER met1 = 67989 um.
Total wire length on LAYER met2 = 56659 um.
Total wire length on LAYER met3 = 15909 um.
Total wire length on LAYER met4 = 3477 um.
Total wire length on LAYER met5 = 0 um.
Total number of vias = 38469.
Up-via summary (total 38469):

------------------------
 FR_MASTERSLICE        0
            li1    17457
           met1    19309
           met2     1434
           met3      269
           met4        0
------------------------
                   38469


[INFO DRT-0195] Start 3rd optimization iteration.
    Completing 10% with 1894 violations.
    elapsed time = 00:00:00, memory = 989.29 (MB).
    Completing 20% with 1894 violations.
    elapsed time = 00:00:00, memory = 989.29 (MB).
    Completing 30% with 1894 violations.
    elapsed time = 00:00:03, memory = 989.54 (MB).
    Completing 40% with 1512 violations.
    elapsed time = 00:00:05, memory = 989.54 (MB).
    Completing 50% with 1512 violations.
    elapsed time = 00:00:07, memory = 989.54 (MB).
    Completing 60% with 1168 violations.
    elapsed time = 00:00:11, memory = 1022.79 (MB).
    Completing 70% with 1168 violations.
    elapsed time = 00:00:11, memory = 1042.17 (MB).
    Completing 80% with 1168 violations.
    elapsed time = 00:00:13, memory = 1026.50 (MB).
    Completing 90% with 829 violations.
    elapsed time = 00:00:15, memory = 1064.43 (MB).
    Completing 100% with 427 violations.
    elapsed time = 00:00:24, memory = 998.39 (MB).
[INFO DRT-0199]   Number of violations = 442.
Viol/Layer        met1    via   met2   met3
Cut Spacing          0      1      0      0
Metal Spacing       65      0     40      4
Min Hole             3      0      0      0
Recheck             13      0      2      0
Short              231      0     83      0
[INFO DRT-0267] cpu time = 00:01:14, elapsed time = 00:00:24, memory = 998.39 (MB), peak = 1073.80 (MB)
Total wire length = 143643 um.
Total wire length on LAYER li1 = 0 um.
Total wire length on LAYER met1 = 63466 um.
Total wire length on LAYER met2 = 56328 um.
Total wire length on LAYER met3 = 19943 um.
Total wire length on LAYER met4 = 3905 um.
Total wire length on LAYER met5 = 0 um.
Total number of vias = 39460.
Up-via summary (total 39460):

------------------------
 FR_MASTERSLICE        0
            li1    17457
           met1    19434
           met2     2227
           met3      342
           met4        0
------------------------
                   39460


[INFO DRT-0195] Start 4th optimization iteration.
    Completing 10% with 442 violations.
    elapsed time = 00:00:00, memory = 998.39 (MB).
    Completing 20% with 442 violations.
    elapsed time = 00:00:00, memory = 998.39 (MB).
    Completing 30% with 442 violations.
    elapsed time = 00:00:00, memory = 998.39 (MB).
    Completing 40% with 353 violations.
    elapsed time = 00:00:00, memory = 998.39 (MB).
    Completing 50% with 353 violations.
    elapsed time = 00:00:00, memory = 998.39 (MB).
    Completing 60% with 352 violations.
    elapsed time = 00:00:04, memory = 1019.64 (MB).
    Completing 70% with 352 violations.
    elapsed time = 00:00:04, memory = 1019.64 (MB).
    Completing 80% with 352 violations.
    elapsed time = 00:00:05, memory = 1019.64 (MB).
    Completing 90% with 321 violations.
    elapsed time = 00:00:10, memory = 1055.01 (MB).
    Completing 100% with 144 violations.
    elapsed time = 00:00:23, memory = 1019.64 (MB).
[INFO DRT-0199]   Number of violations = 144.
Viol/Layer        met1   met2
Metal Spacing       28      6
Short               90     20
[INFO DRT-0267] cpu time = 00:00:33, elapsed time = 00:00:23, memory = 1019.64 (MB), peak = 1073.80 (MB)
Total wire length = 143620 um.
Total wire length on LAYER li1 = 0 um.
Total wire length on LAYER met1 = 63291 um.
Total wire length on LAYER met2 = 56200 um.
Total wire length on LAYER met3 = 20110 um.
Total wire length on LAYER met4 = 4017 um.
Total wire length on LAYER met5 = 0 um.
Total number of vias = 39498.
Up-via summary (total 39498):

------------------------
 FR_MASTERSLICE        0
            li1    17457
           met1    19444
           met2     2247
           met3      350
           met4        0
------------------------
                   39498


[INFO DRT-0195] Start 5th optimization iteration.
    Completing 10% with 144 violations.
    elapsed time = 00:00:00, memory = 1019.64 (MB).
    Completing 20% with 144 violations.
    elapsed time = 00:00:00, memory = 1019.64 (MB).
    Completing 30% with 136 violations.
    elapsed time = 00:00:01, memory = 1019.64 (MB).
    Completing 40% with 136 violations.
    elapsed time = 00:00:01, memory = 1019.64 (MB).
    Completing 50% with 136 violations.
    elapsed time = 00:00:06, memory = 1022.64 (MB).
    Completing 60% with 136 violations.
    elapsed time = 00:00:06, memory = 1022.64 (MB).
    Completing 70% with 136 violations.
    elapsed time = 00:00:06, memory = 1022.64 (MB).
    Completing 80% with 136 violations.
    elapsed time = 00:00:10, memory = 1022.64 (MB).
    Completing 90% with 66 violations.
    elapsed time = 00:00:10, memory = 1022.64 (MB).
    Completing 100% with 44 violations.
    elapsed time = 00:00:21, memory = 1022.64 (MB).
[INFO DRT-0199]   Number of violations = 44.
Viol/Layer        met1   met2
Metal Spacing       11      0
Short               29      4
[INFO DRT-0267] cpu time = 00:00:27, elapsed time = 00:00:22, memory = 1022.64 (MB), peak = 1073.80 (MB)
Total wire length = 143590 um.
Total wire length on LAYER li1 = 0 um.
Total wire length on LAYER met1 = 63221 um.
Total wire length on LAYER met2 = 56120 um.
Total wire length on LAYER met3 = 20137 um.
Total wire length on LAYER met4 = 4111 um.
Total wire length on LAYER met5 = 0 um.
Total number of vias = 39515.
Up-via summary (total 39515):

------------------------
 FR_MASTERSLICE        0
            li1    17457
           met1    19427
           met2     2268
           met3      363
           met4        0
------------------------
                   39515


[INFO DRT-0195] Start 6th optimization iteration.
    Completing 10% with 44 violations.
    elapsed time = 00:00:00, memory = 1022.64 (MB).
    Completing 20% with 44 violations.
    elapsed time = 00:00:00, memory = 1022.64 (MB).
    Completing 30% with 39 violations.
    elapsed time = 00:00:00, memory = 1022.64 (MB).
    Completing 40% with 39 violations.
    elapsed time = 00:00:00, memory = 1022.64 (MB).
    Completing 50% with 39 violations.
    elapsed time = 00:00:03, memory = 1022.64 (MB).
    Completing 60% with 39 violations.
    elapsed time = 00:00:03, memory = 1022.64 (MB).
    Completing 70% with 39 violations.
    elapsed time = 00:00:03, memory = 1022.64 (MB).
    Completing 80% with 39 violations.
    elapsed time = 00:00:07, memory = 1022.64 (MB).
    Completing 90% with 26 violations.
    elapsed time = 00:00:07, memory = 1022.64 (MB).
    Completing 100% with 8 violations.
    elapsed time = 00:00:08, memory = 1022.64 (MB).
[INFO DRT-0199]   Number of violations = 8.
Viol/Layer        met1   met2
Short                6      2
[INFO DRT-0267] cpu time = 00:00:14, elapsed time = 00:00:08, memory = 1022.64 (MB), peak = 1073.80 (MB)
Total wire length = 143609 um.
Total wire length on LAYER li1 = 0 um.
Total wire length on LAYER met1 = 63219 um.
Total wire length on LAYER met2 = 56133 um.
Total wire length on LAYER met3 = 20153 um.
Total wire length on LAYER met4 = 4103 um.
Total wire length on LAYER met5 = 0 um.
Total number of vias = 39499.
Up-via summary (total 39499):

------------------------
 FR_MASTERSLICE        0
            li1    17457
           met1    19415
           met2     2269
           met3      358
           met4        0
------------------------
                   39499


[INFO DRT-0195] Start 7th optimization iteration.
    Completing 10% with 8 violations.
    elapsed time = 00:00:00, memory = 1022.64 (MB).
    Completing 20% with 8 violations.
    elapsed time = 00:00:00, memory = 1022.64 (MB).
    Completing 30% with 8 violations.
    elapsed time = 00:00:00, memory = 1022.64 (MB).
    Completing 40% with 8 violations.
    elapsed time = 00:00:00, memory = 1022.64 (MB).
    Completing 50% with 8 violations.
    elapsed time = 00:00:01, memory = 1022.64 (MB).
    Completing 60% with 5 violations.
    elapsed time = 00:00:01, memory = 1022.64 (MB).
    Completing 70% with 5 violations.
    elapsed time = 00:00:01, memory = 1022.64 (MB).
    Completing 80% with 5 violations.
    elapsed time = 00:00:01, memory = 1022.64 (MB).
    Completing 90% with 5 violations.
    elapsed time = 00:00:01, memory = 1022.64 (MB).
    Completing 100% with 5 violations.
    elapsed time = 00:00:01, memory = 1022.64 (MB).
[INFO DRT-0199]   Number of violations = 5.
Viol/Layer        met2
Metal Spacing        2
Short                3
[INFO DRT-0267] cpu time = 00:00:03, elapsed time = 00:00:02, memory = 1022.64 (MB), peak = 1073.80 (MB)
Total wire length = 143633 um.
Total wire length on LAYER li1 = 0 um.
Total wire length on LAYER met1 = 63224 um.
Total wire length on LAYER met2 = 56120 um.
Total wire length on LAYER met3 = 20165 um.
Total wire length on LAYER met4 = 4123 um.
Total wire length on LAYER met5 = 0 um.
Total number of vias = 39507.
Up-via summary (total 39507):

------------------------
 FR_MASTERSLICE        0
            li1    17457
           met1    19422
           met2     2269
           met3      359
           met4        0
------------------------
                   39507


[INFO DRT-0195] Start 8th optimization iteration.
    Completing 10% with 5 violations.
    elapsed time = 00:00:00, memory = 1022.64 (MB).
    Completing 20% with 5 violations.
    elapsed time = 00:00:00, memory = 1022.64 (MB).
    Completing 30% with 5 violations.
    elapsed time = 00:00:00, memory = 1022.64 (MB).
    Completing 40% with 5 violations.
    elapsed time = 00:00:00, memory = 1022.64 (MB).
    Completing 50% with 5 violations.
    elapsed time = 00:00:00, memory = 1022.64 (MB).
    Completing 60% with 0 violations.
    elapsed time = 00:00:00, memory = 1022.64 (MB).
    Completing 70% with 0 violations.
    elapsed time = 00:00:00, memory = 1022.64 (MB).
    Completing 80% with 0 violations.
    elapsed time = 00:00:00, memory = 1022.64 (MB).
    Completing 90% with 0 violations.
    elapsed time = 00:00:00, memory = 1022.64 (MB).
    Completing 100% with 0 violations.
    elapsed time = 00:00:00, memory = 1022.64 (MB).
[INFO DRT-0199]   Number of violations = 0.
[INFO DRT-0267] cpu time = 00:00:02, elapsed time = 00:00:00, memory = 1022.64 (MB), peak = 1073.80 (MB)
Total wire length = 143632 um.
Total wire length on LAYER li1 = 0 um.
Total wire length on LAYER met1 = 63225 um.
Total wire length on LAYER met2 = 56118 um.
Total wire length on LAYER met3 = 20165 um.
Total wire length on LAYER met4 = 4123 um.
Total wire length on LAYER met5 = 0 um.
Total number of vias = 39505.
Up-via summary (total 39505):

------------------------
 FR_MASTERSLICE        0
            li1    17457
           met1    19420
           met2     2269
           met3      359
           met4        0
------------------------
                   39505


[INFO DRT-0198] Complete detail routing.
Total wire length = 143632 um.
Total wire length on LAYER li1 = 0 um.
Total wire length on LAYER met1 = 63225 um.
Total wire length on LAYER met2 = 56118 um.
Total wire length on LAYER met3 = 20165 um.
Total wire length on LAYER met4 = 4123 um.
Total wire length on LAYER met5 = 0 um.
Total number of vias = 39505.
Up-via summary (total 39505):

------------------------
 FR_MASTERSLICE        0
            li1    17457
           met1    19420
           met2     2269
           met3      359
           met4        0
------------------------
                   39505


[INFO DRT-0267] cpu time = 00:06:47, elapsed time = 00:02:35, memory = 1022.64 (MB), peak = 1073.80 (MB)

[INFO DRT-0180] Post processing.
Setting global connections for newly added cells…
[INFO] Setting global connections...
Updating metrics…
Cell type report:                       Count       Area
  Fill cell                               162     608.08
  Tap cell                               1037    1297.49
  Antenna cell                           2307    5773.04
  Buffer                                    3      17.52
  Clock buffer                             65     944.66
  Timing Repair Buffer                    831    6996.71
  Inverter                                 72     270.26
  Clock inverter                           54     648.12
  Sequential cell                         713   17595.63
  Multi-Input combinational cell         2686   22809.38
  Total                                  7930   56960.88
Writing OpenROAD database to '/home/taka/ISHI_Kai/bfCPU/ttsky_bfCPU/runs/wokwi/43-openroad-detailedrouting/tt_um_bfcpu.odb'…
Writing netlist to '/home/taka/ISHI_Kai/bfCPU/ttsky_bfCPU/runs/wokwi/43-openroad-detailedrouting/tt_um_bfcpu.nl.v'…
Writing powered netlist to '/home/taka/ISHI_Kai/bfCPU/ttsky_bfCPU/runs/wokwi/43-openroad-detailedrouting/tt_um_bfcpu.pnl.v'…
Writing layout to '/home/taka/ISHI_Kai/bfCPU/ttsky_bfCPU/runs/wokwi/43-openroad-detailedrouting/tt_um_bfcpu.def'…
Writing timing constraints to '/home/taka/ISHI_Kai/bfCPU/ttsky_bfCPU/runs/wokwi/43-openroad-detailedrouting/tt_um_bfcpu.sdc'…
