164. Printing statistics.

=== tt_um_bfcpu ===

   Number of wires:               3242
   Number of wire bits:           4019
   Number of public wires:         155
   Number of public wire bits:     930
   Number of ports:                  8
   Number of port bits:             43
   Number of memories:               0
   Number of memory bits:            0
   Number of processes:              0
   Number of cells:               3912
     $_ANDNOT_                     764
     $_AND_                        133
     $_DFFE_NN0P_                    4
     $_DFFE_PN0N_                    3
     $_DFFE_PN0P_                  561
     $_DFFE_PN1P_                    8
     $_DFFE_PP_                     80
     $_DFF_NN0_                      1
     $_DFF_PN0_                     27
     $_DFF_PN1_                      5
     $_DFF_P_                       23
     $_MUX_                        842
     $_NAND_                        73
     $_NOR_                        169
     $_NOT_                        227
     $_ORNOT_                      162
     $_OR_                         545
     $_SDFFE_PP0P_                   1
     $_XNOR_                        16
     $_XOR_                        268

   Area for cell type $_NOT_ is unknown!
   Area for cell type $_AND_ is unknown!
   Area for cell type $_NAND_ is unknown!
   Area for cell type $_OR_ is unknown!
   Area for cell type $_NOR_ is unknown!
   Area for cell type $_XOR_ is unknown!
   Area for cell type $_XNOR_ is unknown!
   Area for cell type $_ANDNOT_ is unknown!
   Area for cell type $_ORNOT_ is unknown!
   Area for cell type $_MUX_ is unknown!
   Area for cell type $_DFF_P_ is unknown!
   Area for cell type $_DFFE_PP_ is unknown!
   Area for cell type $_DFF_NN0_ is unknown!
   Area for cell type $_DFF_PN0_ is unknown!
   Area for cell type $_DFF_PN1_ is unknown!
   Area for cell type $_DFFE_NN0P_ is unknown!
   Area for cell type $_DFFE_PN0N_ is unknown!
   Area for cell type $_DFFE_PN0P_ is unknown!
   Area for cell type $_DFFE_PN1P_ is unknown!
   Area for cell type $_SDFFE_PP0P_ is unknown!

