Reading library file at '/home/taka/ISHI_Kai/bfCPU/ttsetup/pdk/ciel/sky130/versions/0fe599b2afb6708d281543108caf8310912f54af/sky130A/libs.ref/sky130_fd_sc_hd/lib/sky130_fd_sc_hd__tt_025C_1v80.lib'…
Reading technology LEF file at '/home/taka/ISHI_Kai/bfCPU/ttsetup/pdk/ciel/sky130/versions/0fe599b2afb6708d281543108caf8310912f54af/sky130A/libs.ref/sky130_fd_sc_hd/techlef/sky130_fd_sc_hd__nom.tlef'…
[INFO ODB-0227] LEF file: /home/taka/ISHI_Kai/bfCPU/ttsetup/pdk/ciel/sky130/versions/0fe599b2afb6708d281543108caf8310912f54af/sky130A/libs.ref/sky130_fd_sc_hd/techlef/sky130_fd_sc_hd__nom.tlef, created 14 layers, 25 vias
Reading cell LEF file at '/home/taka/ISHI_Kai/bfCPU/ttsetup/pdk/ciel/sky130/versions/0fe599b2afb6708d281543108caf8310912f54af/sky130A/libs.ref/sky130_fd_sc_hd/lef/sky130_fd_sc_hd.lef'…
[WARNING ODB-0220] WARNING (LEFPARS-2008): NOWIREEXTENSIONATPIN statement is obsolete in version 5.6 or later.
The NOWIREEXTENSIONATPIN statement will be ignored. See file /home/taka/ISHI_Kai/bfCPU/ttsetup/pdk/ciel/sky130/versions/0fe599b2afb6708d281543108caf8310912f54af/sky130A/libs.ref/sky130_fd_sc_hd/lef/sky130_fd_sc_hd.lef at line 2.

[INFO ODB-0227] LEF file: /home/taka/ISHI_Kai/bfCPU/ttsetup/pdk/ciel/sky130/versions/0fe599b2afb6708d281543108caf8310912f54af/sky130A/libs.ref/sky130_fd_sc_hd/lef/sky130_fd_sc_hd.lef, created 437 library cells
Reading cell LEF file at '/home/taka/ISHI_Kai/bfCPU/ttsetup/pdk/ciel/sky130/versions/0fe599b2afb6708d281543108caf8310912f54af/sky130A/libs.ref/sky130_fd_sc_hd/lef/sky130_ef_sc_hd.lef'…
[WARNING ODB-0220] WARNING (LEFPARS-2008): NOWIREEXTENSIONATPIN statement is obsolete in version 5.6 or later.
The NOWIREEXTENSIONATPIN statement will be ignored. See file /home/taka/ISHI_Kai/bfCPU/ttsetup/pdk/ciel/sky130/versions/0fe599b2afb6708d281543108caf8310912f54af/sky130A/libs.ref/sky130_fd_sc_hd/lef/sky130_ef_sc_hd.lef at line 2.

[INFO ODB-0227] LEF file: /home/taka/ISHI_Kai/bfCPU/ttsetup/pdk/ciel/sky130/versions/0fe599b2afb6708d281543108caf8310912f54af/sky130A/libs.ref/sky130_fd_sc_hd/lef/sky130_ef_sc_hd.lef, created 4 library cells
Reading top-level netlist at '/home/taka/ISHI_Kai/bfCPU/ttsky_bfCPU/runs/wokwi/06-yosys-synthesis/tt_um_bfcpu.nl.v'…
Linking design 'tt_um_bfcpu' from netlist…
Reading design constraints file at '/nix/store/4h964pg996p5lz54maggj16ydp2cbki3-python3-3.11.9-env/lib/python3.11/site-packages/librelane/scripts/base.sdc'…
[INFO] Using clock clk…
[INFO] Setting output delay to: 20
[INFO] Setting input delay to: 20
[INFO] Setting load to: 0.033442
[INFO] Setting clock uncertainty to: 0.25
[INFO] Setting clock transition to: 0.1499999999999999944488848768742172978818416595458984375
[INFO] Setting timing derate to: 5%
Using site height: 2.72 and site width: 0.46…
[INFO] Using absolute sizing for the floorplan.
[INFO IFP-0001] Added 81 rows of 716 site unithd.
[INFO IFP-0030] Inserted 0 tiecells using sky130_fd_sc_hd__conb_1/LO.
[INFO IFP-0030] Inserted 0 tiecells using sky130_fd_sc_hd__conb_1/HI.
[INFO] Extracting DIE_AREA and CORE_AREA from the floorplan
[INFO] Floorplanned on a die area of 0.0 0.0 334.88 225.76 (µm).
[INFO] Floorplanned on a core area of 2.76 2.72 332.12 223.04 (µm).
Writing metric design__die__bbox: 0.0 0.0 334.88 225.76
Writing metric design__core__bbox: 2.76 2.72 332.12 223.04
Setting global connections for newly added cells…
[INFO] Setting global connections...
Updating metrics…
Cell type report:                       Count       Area
  Buffer                                    3      15.01
  Inverter                                 77     289.03
  Sequential cell                         713   18213.72
  Multi-Input combinational cell         2686   25992.43
  Total                                  3479   44510.19
Writing OpenROAD database to '/home/taka/ISHI_Kai/bfCPU/ttsky_bfCPU/runs/wokwi/13-openroad-floorplan/tt_um_bfcpu.odb'…
Writing netlist to '/home/taka/ISHI_Kai/bfCPU/ttsky_bfCPU/runs/wokwi/13-openroad-floorplan/tt_um_bfcpu.nl.v'…
Writing powered netlist to '/home/taka/ISHI_Kai/bfCPU/ttsky_bfCPU/runs/wokwi/13-openroad-floorplan/tt_um_bfcpu.pnl.v'…
Writing layout to '/home/taka/ISHI_Kai/bfCPU/ttsky_bfCPU/runs/wokwi/13-openroad-floorplan/tt_um_bfcpu.def'…
Writing timing constraints to '/home/taka/ISHI_Kai/bfCPU/ttsky_bfCPU/runs/wokwi/13-openroad-floorplan/tt_um_bfcpu.sdc'…
