Clock: clk
Sources: clk 
Generated: no
Virtual: yes
Propagated: no
Period: 100.000000

===========================================================================
report_clock_properties
============================================================================
Clock                   Period          Waveform
----------------------------------------------------
clk                 100.000000    0.000000 50.000000

===========================================================================
report_clock_latency
============================================================================
Clock clk
rise -> rise
    min     max
0.000000 0.000000 source latency
0.656933         network latency _5745_/CLK
        0.692818 network latency _5895_/CLK
---------------
0.656933 0.692818 latency
        0.035885 skew

rise -> fall
    min     max
0.000000 0.000000 source latency
0.713969         network latency _5729_/CLK
        0.725482 network latency _5731_/CLK
---------------
0.713969 0.725482 latency
        0.011513 skew

fall -> rise
    min     max
0.000000 0.000000 source latency
0.656854         network latency _5729_/CLK
        0.667967 network latency _5731_/CLK
---------------
0.656854 0.667967 latency
        0.011113 skew

fall -> fall
    min     max
0.000000 0.000000 source latency
0.593285         network latency _5745_/CLK
        0.619323 network latency _5895_/CLK
---------------
0.593285 0.619323 latency
        0.026038 skew



===========================================================================
report_clock_min_period
============================================================================
clk period_min = 10.27 fmax = 97.35
